\BOOKMARK [1][-]{section.1}{TODO}{}% 1
\BOOKMARK [1][-]{section.2}{Current setup}{}% 2
\BOOKMARK [2][-]{subsection.2.1}{vigra.filters.gaussianSmoothing\(img, sigma\)}{section.2}% 3
\BOOKMARK [2][-]{subsection.2.2}{vigra.filters.laplacianOfGaussian\(img, sigma\)}{section.2}% 4
\BOOKMARK [2][-]{subsection.2.3}{vigra.filters.gaussianGradientMagnitude\(img, sigma\)}{section.2}% 5
\BOOKMARK [2][-]{subsection.2.4}{vigra.filters.gaussianSmoothing\(img, sigma\) - vigra.filters.gaussianSmoothing\(img, 0.66*sigma\)}{section.2}% 6
\BOOKMARK [2][-]{subsection.2.5}{vigra.filters.structureTensorEigenvalues\(img, sigma, sigma/2.0\)}{section.2}% 7
\BOOKMARK [2][-]{subsection.2.6}{vigra.filters.hessianOfGaussianEigenvalues\(img, sigma\)}{section.2}% 8
\BOOKMARK [1][-]{section.3}{HiWi HCI Notes}{}% 9
\BOOKMARK [2][-]{subsection.3.1}{09.02.2016 \(h\)}{section.3}% 10
\BOOKMARK [2][-]{subsection.3.2}{08.02.2016 \(4h\)}{section.3}% 11
\BOOKMARK [2][-]{subsection.3.3}{02.02.2016 \(2h\)}{section.3}% 12
\BOOKMARK [2][-]{subsection.3.4}{02.02.2016 \(1.5h\)}{section.3}% 13
\BOOKMARK [3][-]{subsubsection.3.4.1}{OpenCV}{subsection.3.4}% 14
\BOOKMARK [2][-]{subsection.3.5}{29.01.2016 \(9:30 - 12:00, 12:30 - 14:30, 4.5h\)}{section.3}% 15
\BOOKMARK [3][-]{subsubsection.3.5.1}{ArrayFire}{subsection.3.5}% 16
\BOOKMARK [3][-]{subsubsection.3.5.2}{Talked to Sven}{subsection.3.5}% 17
\BOOKMARK [3][-]{subsubsection.3.5.3}{Commands}{subsection.3.5}% 18
\BOOKMARK [2][-]{subsection.3.6}{26.01.2016 \(3h\)}{section.3}% 19
\BOOKMARK [3][-]{subsubsection.3.6.1}{snippets}{subsection.3.6}% 20
\BOOKMARK [3][-]{subsubsection.3.6.2}{Addresses}{subsection.3.6}% 21
\BOOKMARK [2][-]{subsection.3.7}{22.01.2016 \(3h\)}{section.3}% 22
\BOOKMARK [3][-]{subsubsection.3.7.1}{Ideas}{subsection.3.7}% 23
\BOOKMARK [3][-]{subsubsection.3.7.2}{Commands}{subsection.3.7}% 24
